Line 16: Class MSDataGridLib.DataGrid of control Grid1 was not a loaded control class.
Line 22: The property name _ExtentX in Grid1 is invalid.
Line 23: The property name _ExtentY in Grid1 is invalid.
Line 24: The property name _Version in Grid1 is invalid.
Line 25: The property name HeadLines in Grid1 is invalid.
Line 26: The property name RowHeight in Grid1 is invalid.
Line 35: The property name HeadFont in Grid1 is invalid.
Line 45: The property name ColumnCount in Grid1 is invalid.
Line 58: The property name Column00 in Grid1 is invalid.
Line 71: The property name Column01 in Grid1 is invalid.
Line 72: The property name SplitCount in Grid1 is invalid.
Line 78: The property name Split0 in Grid1 is invalid.
Line 22: The property name _ExtentX in Grid1 is invalid.
Line 23: The property name _ExtentY in Grid1 is invalid.
Line 24: The property name _Version in Grid1 is invalid.
Line 25: The property name HeadLines in Grid1 is invalid.
Line 26: The property name RowHeight in Grid1 is invalid.
Line 35: The property name HeadFont in Grid1 is invalid.
Line 45: The property name ColumnCount in Grid1 is invalid.
Line 58: The property name Column00 in Grid1 is invalid.
Line 71: The property name Column01 in Grid1 is invalid.
Line 72: The property name SplitCount in Grid1 is invalid.
Line 78: The property name Split0 in Grid1 is invalid.
