Line 16: Class MSDataGridLib.DataGrid of control grid was not a loaded control class.
Line 22: The property name _ExtentX in grid is invalid.
Line 23: The property name _ExtentY in grid is invalid.
Line 24: The property name _Version in grid is invalid.
Line 25: The property name HeadLines in grid is invalid.
Line 26: The property name RowHeight in grid is invalid.
Line 35: The property name HeadFont in grid is invalid.
Line 45: The property name ColumnCount in grid is invalid.
Line 58: The property name Column00 in grid is invalid.
Line 71: The property name Column01 in grid is invalid.
Line 72: The property name SplitCount in grid is invalid.
Line 78: The property name Split0 in grid is invalid.
Line 22: The property name _ExtentX in grid is invalid.
Line 23: The property name _ExtentY in grid is invalid.
Line 24: The property name _Version in grid is invalid.
Line 25: The property name HeadLines in grid is invalid.
Line 26: The property name RowHeight in grid is invalid.
Line 35: The property name HeadFont in grid is invalid.
Line 45: The property name ColumnCount in grid is invalid.
Line 58: The property name Column00 in grid is invalid.
Line 71: The property name Column01 in grid is invalid.
Line 72: The property name SplitCount in grid is invalid.
Line 78: The property name Split0 in grid is invalid.
